2008.08.08 09:52 B C:\CFusionMX7\wwwroot\dreamlaunch\css\iface\aside.gif <-- webshopdev /content/multihome/dreamlaunch/css/iface aside.gif
2008.08.08 09:52 B C:\CFusionMX7\wwwroot\dreamlaunch\css\iface\btn-active.gif <-- webshopdev /content/multihome/dreamlaunch/css/iface btn-active.gif
2008.08.08 09:52 B C:\CFusionMX7\wwwroot\dreamlaunch\css\iface\btn-apply-active.gif <-- webshopdev /content/multihome/dreamlaunch/css/iface btn-apply-active.gif
2008.08.08 09:52 B C:\CFusionMX7\wwwroot\dreamlaunch\css\iface\btn-apply-hover.gif <-- webshopdev /content/multihome/dreamlaunch/css/iface btn-apply-hover.gif
2008.08.08 09:52 B C:\CFusionMX7\wwwroot\dreamlaunch\css\iface\btn-apply-link.gif <-- webshopdev /content/multihome/dreamlaunch/css/iface btn-apply-link.gif
2008.08.08 09:52 B C:\CFusionMX7\wwwroot\dreamlaunch\css\iface\btn-hover.gif <-- webshopdev /content/multihome/dreamlaunch/css/iface btn-hover.gif
2008.08.08 09:52 B C:\CFusionMX7\wwwroot\dreamlaunch\css\iface\btn-link.gif <-- webshopdev /content/multihome/dreamlaunch/css/iface btn-link.gif
2008.08.08 09:52 B C:\CFusionMX7\wwwroot\dreamlaunch\css\iface\btn-req-active.gif <-- webshopdev /content/multihome/dreamlaunch/css/iface btn-req-active.gif
2008.08.08 09:52 B C:\CFusionMX7\wwwroot\dreamlaunch\css\iface\btn-req-hover.gif <-- webshopdev /content/multihome/dreamlaunch/css/iface btn-req-hover.gif
2008.08.08 09:52 B C:\CFusionMX7\wwwroot\dreamlaunch\css\iface\btn-req-link.gif <-- webshopdev /content/multihome/dreamlaunch/css/iface btn-req-link.gif
2008.08.08 09:52 B C:\CFusionMX7\wwwroot\dreamlaunch\css\iface\btn-sch-active.gif <-- webshopdev /content/multihome/dreamlaunch/css/iface btn-sch-active.gif
2008.08.08 09:52 B C:\CFusionMX7\wwwroot\dreamlaunch\css\iface\btn-sch-hover.gif <-- webshopdev /content/multihome/dreamlaunch/css/iface btn-sch-hover.gif
2008.08.08 09:52 B C:\CFusionMX7\wwwroot\dreamlaunch\css\iface\btn-sch-link.gif <-- webshopdev /content/multihome/dreamlaunch/css/iface btn-sch-link.gif
2008.08.08 09:52 B C:\CFusionMX7\wwwroot\dreamlaunch\css\iface\bullet.gif <-- webshopdev /content/multihome/dreamlaunch/css/iface bullet.gif
2008.08.08 09:52 B C:\CFusionMX7\wwwroot\dreamlaunch\css\iface\clouds.jpg <-- webshopdev /content/multihome/dreamlaunch/css/iface clouds.jpg
2008.08.08 09:52 B C:\CFusionMX7\wwwroot\dreamlaunch\css\iface\contentCampusbar-bg.gif <-- webshopdev /content/multihome/dreamlaunch/css/iface contentCampusbar-bg.gif
2008.08.08 09:52 B C:\CFusionMX7\wwwroot\dreamlaunch\css\iface\contentHomenav-bg.gif <-- webshopdev /content/multihome/dreamlaunch/css/iface contentHomenav-bg.gif
2008.08.08 09:52 B C:\CFusionMX7\wwwroot\dreamlaunch\css\iface\contentHomenav-bghover.gif <-- webshopdev /content/multihome/dreamlaunch/css/iface contentHomenav-bghover.gif
2008.08.08 09:52 B C:\CFusionMX7\wwwroot\dreamlaunch\css\iface\did-you-know.gif <-- webshopdev /content/multihome/dreamlaunch/css/iface did-you-know.gif
2008.08.08 09:52 B C:\CFusionMX7\wwwroot\dreamlaunch\css\iface\fauxcol-aside.jpg <-- webshopdev /content/multihome/dreamlaunch/css/iface fauxcol-aside.jpg
2008.08.08 09:52 B C:\CFusionMX7\wwwroot\dreamlaunch\css\iface\fauxcol.gif <-- webshopdev /content/multihome/dreamlaunch/css/iface fauxcol.gif
2008.08.08 09:52 B C:\CFusionMX7\wwwroot\dreamlaunch\css\iface\fauxcol.jpg <-- webshopdev /content/multihome/dreamlaunch/css/iface fauxcol.jpg
2008.08.08 09:52 B C:\CFusionMX7\wwwroot\dreamlaunch\css\iface\footer-bg.gif <-- webshopdev /content/multihome/dreamlaunch/css/iface footer-bg.gif
2008.08.08 09:52 B C:\CFusionMX7\wwwroot\dreamlaunch\css\iface\gold_horz.gif <-- webshopdev /content/multihome/dreamlaunch/css/iface gold_horz.gif
2008.08.08 09:53 B C:\CFusionMX7\wwwroot\dreamlaunch\css\iface\gold_vert.gif <-- webshopdev /content/multihome/dreamlaunch/css/iface gold_vert.gif
2008.08.08 09:53 B C:\CFusionMX7\wwwroot\dreamlaunch\css\iface\h-blackboard.gif <-- webshopdev /content/multihome/dreamlaunch/css/iface h-blackboard.gif
2008.08.08 09:53 B C:\CFusionMX7\wwwroot\dreamlaunch\css\iface\h-ernie.gif <-- webshopdev /content/multihome/dreamlaunch/css/iface h-ernie.gif
2008.08.08 09:53 B C:\CFusionMX7\wwwroot\dreamlaunch\css\iface\h-peoplesearch.gif <-- webshopdev /content/multihome/dreamlaunch/css/iface h-peoplesearch.gif
2008.08.08 09:53 B C:\CFusionMX7\wwwroot\dreamlaunch\css\iface\headbg-temp.jpg <-- webshopdev /content/multihome/dreamlaunch/css/iface headbg-temp.jpg
2008.08.08 09:53 B C:\CFusionMX7\wwwroot\dreamlaunch\css\iface\header-bg-notext.jpg <-- webshopdev /content/multihome/dreamlaunch/css/iface header-bg-notext.jpg
2008.08.08 09:53 B C:\CFusionMX7\wwwroot\dreamlaunch\css\iface\header-bg.jpg <-- webshopdev /content/multihome/dreamlaunch/css/iface header-bg.jpg
2008.08.08 09:53 B C:\CFusionMX7\wwwroot\dreamlaunch\css\iface\header_extender.jpg <-- webshopdev /content/multihome/dreamlaunch/css/iface header_extender.jpg
2008.08.08 09:53 B C:\CFusionMX7\wwwroot\dreamlaunch\css\iface\hm-thmb-athletics.gif <-- webshopdev /content/multihome/dreamlaunch/css/iface hm-thmb-athletics.gif
2008.08.08 09:53 B C:\CFusionMX7\wwwroot\dreamlaunch\css\iface\hm-thmb-daytona.jpg <-- webshopdev /content/multihome/dreamlaunch/css/iface hm-thmb-daytona.jpg
2008.08.08 09:53 B C:\CFusionMX7\wwwroot\dreamlaunch\css\iface\hm-thmb-prescott.jpg <-- webshopdev /content/multihome/dreamlaunch/css/iface hm-thmb-prescott.jpg
2008.08.08 09:53 B C:\CFusionMX7\wwwroot\dreamlaunch\css\iface\hm-thmb-worldwide.jpg <-- webshopdev /content/multihome/dreamlaunch/css/iface hm-thmb-worldwide.jpg
2008.08.08 09:53 B C:\CFusionMX7\wwwroot\dreamlaunch\css\iface\logo-300.gif <-- webshopdev /content/multihome/dreamlaunch/css/iface logo-300.gif
2008.08.08 09:53 B C:\CFusionMX7\wwwroot\dreamlaunch\css\iface\logo-blue.gif <-- webshopdev /content/multihome/dreamlaunch/css/iface logo-blue.gif
2008.08.08 09:53 B C:\CFusionMX7\wwwroot\dreamlaunch\css\iface\logo-prhead.gif <-- webshopdev /content/multihome/dreamlaunch/css/iface logo-prhead.gif
2008.08.08 09:53 B C:\CFusionMX7\wwwroot\dreamlaunch\css\iface\logo-white.gif <-- webshopdev /content/multihome/dreamlaunch/css/iface logo-white.gif
2008.08.08 09:53 B C:\CFusionMX7\wwwroot\dreamlaunch\css\iface\nav-bottomfade.jpg <-- webshopdev /content/multihome/dreamlaunch/css/iface nav-bottomfade.jpg
2008.08.08 09:53 B C:\CFusionMX7\wwwroot\dreamlaunch\css\iface\nav_bottomfade.gif <-- webshopdev /content/multihome/dreamlaunch/css/iface nav_bottomfade.gif
2008.08.08 09:53 B C:\CFusionMX7\wwwroot\dreamlaunch\css\iface\pageimage.gif <-- webshopdev /content/multihome/dreamlaunch/css/iface pageimage.gif
2008.08.08 09:53 B C:\CFusionMX7\wwwroot\dreamlaunch\css\iface\pdf.gif <-- webshopdev /content/multihome/dreamlaunch/css/iface pdf.gif
2008.08.08 09:53 B C:\CFusionMX7\wwwroot\dreamlaunch\css\iface\phd-aviation.gif <-- webshopdev /content/multihome/dreamlaunch/css/iface phd-aviation.gif
2008.08.08 09:53 B C:\CFusionMX7\wwwroot\dreamlaunch\css\iface\phd-header-bg.jpg <-- webshopdev /content/multihome/dreamlaunch/css/iface phd-header-bg.jpg
2008.08.08 09:53 B C:\CFusionMX7\wwwroot\dreamlaunch\css\iface\prheader-landscape.jpg <-- webshopdev /content/multihome/dreamlaunch/css/iface prheader-landscape.jpg
2008.08.08 09:53 B C:\CFusionMX7\wwwroot\dreamlaunch\css\iface\tab-bg.gif <-- webshopdev /content/multihome/dreamlaunch/css/iface tab-bg.gif
2008.08.08 09:53 B C:\CFusionMX7\wwwroot\dreamlaunch\css\iface\tabBG.gif <-- webshopdev /content/multihome/dreamlaunch/css/iface tabBG.gif
2008.08.08 09:53 B C:\CFusionMX7\wwwroot\dreamlaunch\css\iface\tabBG.jpg <-- webshopdev /content/multihome/dreamlaunch/css/iface tabBG.jpg
2008.08.08 09:53 B C:\CFusionMX7\wwwroot\dreamlaunch\css\iface\tabBGhover.gif <-- webshopdev /content/multihome/dreamlaunch/css/iface tabBGhover.gif
2008.08.08 09:53 B C:\CFusionMX7\wwwroot\dreamlaunch\css\iface\tabs.gif <-- webshopdev /content/multihome/dreamlaunch/css/iface tabs.gif
2008.08.08 09:53 B C:\CFusionMX7\wwwroot\dreamlaunch\css\iface\topnav_bg.jpg <-- webshopdev /content/multihome/dreamlaunch/css/iface topnav_bg.jpg
2008.08.08 09:53 B C:\CFusionMX7\wwwroot\dreamlaunch\css\iface\topnav_bghover.jpg <-- webshopdev /content/multihome/dreamlaunch/css/iface topnav_bghover.jpg
2008.08.08 09:53 B C:\CFusionMX7\wwwroot\dreamlaunch\css\iface\worldleader.gif <-- webshopdev /content/multihome/dreamlaunch/css/iface worldleader.gif
